INFO 2026-05-08 14:32:10 users.signals signals.py:11 - User 'admin' logged in successfully
INFO 2026-05-08 18:15:18 users.signals signals.py:18 - User 'admin' logged out
WARNING 2026-05-08 18:20:14 users.views views.py:28 - Registration failed for dsbgkj dsbkgjdksj jdnkgs: <ul class="errorlist"><li>username<ul class="errorlist"><li>Enter a valid username. This value may contain only letters, numbers, and @/./+/-/_ characters.</li></ul></li><li>password2<ul class="errorlist"><li>This password is too short. It must contain at least 8 characters.</li><li>This password is too common.</li><li>This password is entirely numeric.</li></ul></li></ul>
WARNING 2026-05-08 18:20:34 users.views views.py:28 - Registration failed for Ďĺňđîâ Ďĺňđ Ďĺňđîâč÷: <ul class="errorlist"><li>username<ul class="errorlist"><li>Enter a valid username. This value may contain only letters, numbers, and @/./+/-/_ characters.</li></ul></li><li>password2<ul class="errorlist"><li>This password is too common.</li><li>This password is entirely numeric.</li></ul></li></ul>
WARNING 2026-05-08 18:20:55 users.views views.py:28 - Registration failed for Ďĺňđ: <ul class="errorlist"><li>password2<ul class="errorlist"><li>This password is too common.</li><li>This password is entirely numeric.</li></ul></li></ul>
INFO 2026-05-08 18:21:19 users.signals signals.py:11 - User 'Ďĺňđ' logged in successfully
INFO 2026-05-08 18:21:19 users.views views.py:23 - Successful registration: User 'Ďĺňđ' registered
WARNING 2026-05-08 18:27:41 users.views views.py:28 - Registration failed for Ďĺňđ: <ul class="errorlist"><li>username<ul class="errorlist"><li>A user with that username already exists.</li></ul></li></ul>
INFO 2026-05-08 18:27:55 users.signals signals.py:11 - User 'Čâŕí' logged in successfully
INFO 2026-05-08 18:27:55 users.views views.py:23 - Successful registration: User 'Čâŕí' registered
INFO 2026-05-08 18:32:11 users.signals signals.py:11 - User 'Đîěŕí' logged in successfully
INFO 2026-05-08 18:32:11 users.views views.py:23 - Successful registration: User 'Đîěŕí' registered
INFO 2026-05-08 18:38:53 users.signals signals.py:18 - User 'Đîěŕí' logged out
INFO 2026-05-08 18:41:21 users.signals signals.py:11 - User 'admin' logged in successfully
INFO 2026-05-15 16:38:27 users.signals signals.py:11 - User 'djgkjdsn' logged in successfully
INFO 2026-05-15 16:38:27 users.views views.py:23 - Successful registration: User 'djgkjdsn' registered
INFO 2026-05-15 16:38:36 users.views views.py:69 - User 'djgkjdsn' added friend 'Čâŕí'
WARNING 2026-05-15 16:41:03 users.views views.py:72 - User 'djgkjdsn' failed to add friend 'Čâŕí'
WARNING 2026-05-15 16:41:07 users.views views.py:72 - User 'djgkjdsn' failed to add friend 'Čâŕí'
INFO 2026-05-15 16:41:12 users.views views.py:69 - User 'djgkjdsn' added friend 'Ďĺňđ'
WARNING 2026-05-15 16:41:13 users.views views.py:72 - User 'djgkjdsn' failed to add friend 'Ďĺňđ'
INFO 2026-05-15 16:41:42 users.views views.py:49 - Profile updated successfully for user 'djgkjdsn'
ERROR 2026-05-15 16:41:42 users.views views.py:56 - Error updating profile for djgkjdsn: Reverse for 'profile' not found. 'profile' is not a valid view function or pattern name.
Traceback (most recent call last):
  File "C:\Users\Exorcist_13\Desktop\work\LoP_6\project_2\users\views.py", line 51, in profile_edit
    return redirect('profile')
  File "C:\Users\Exorcist_13\Desktop\work\LoP_6\project_2\.venv\lib\site-packages\django\shortcuts.py", line 48, in redirect
    return redirect_class(resolve_url(to, *args, **kwargs))
  File "C:\Users\Exorcist_13\Desktop\work\LoP_6\project_2\.venv\lib\site-packages\django\shortcuts.py", line 145, in resolve_url
    return reverse(to, args=args, kwargs=kwargs)
  File "C:\Users\Exorcist_13\Desktop\work\LoP_6\project_2\.venv\lib\site-packages\django\urls\base.py", line 88, in reverse
    return resolver._reverse_with_prefix(view, prefix, *args, **kwargs)
  File "C:\Users\Exorcist_13\Desktop\work\LoP_6\project_2\.venv\lib\site-packages\django\urls\resolvers.py", line 828, in _reverse_with_prefix
    raise NoReverseMatch(msg)
django.urls.exceptions.NoReverseMatch: Reverse for 'profile' not found. 'profile' is not a valid view function or pattern name.
INFO 2026-05-15 16:46:35 users.signals signals.py:18 - User 'djgkjdsn' logged out
WARNING 2026-05-15 16:47:40 users.views views.py:28 - Registration failed for asfsaf: <ul class="errorlist"><li>password2<ul class="errorlist"><li>The two password fields didn’t match.</li></ul></li></ul>
INFO 2026-05-15 16:47:54 users.signals signals.py:11 - User 'asfsaf' logged in successfully
INFO 2026-05-15 16:47:54 users.views views.py:23 - Successful registration: User 'asfsaf' registered
INFO 2026-05-15 17:07:53 users.signals signals.py:18 - User 'asfsaf' logged out
INFO 2026-05-15 17:09:53 users.signals signals.py:11 - User 'jnkgjdsng' logged in successfully
INFO 2026-05-15 17:09:53 users.views views.py:23 - Successful registration: User 'jnkgjdsng' registered
INFO 2026-05-15 17:10:00 users.views views.py:69 - User 'jnkgjdsng' added friend 'Ďĺňđ'
INFO 2026-05-15 17:10:14 users.views views.py:82 - User 'jnkgjdsng' removed friend 'Ďĺňđ'
INFO 2026-05-16 09:16:51 users.signals signals.py:11 - User 'admin' logged in successfully
